


ARM Macro Assembler    Page 1 


    1 00000000         
    2 00000000         
    3 00000000                 export           ADDR_SelfFontLib 
                                                            ;//自建小字库首地址
                                                            
    4 00000000         
    5 00000000                 AREA             FONTLIB,CODE,READONLY
    6 00000000         
    7 00000000                 ALIGN                        ;//字对齐
    8 00000000         ADDR_SelfFontLib                     ;//自建小字库首地址
                                                            
    9 00000000 00 00 00 
              00 00 00 
              00 00 00 
              00 00 00 
              00 00 00 
              00               DCB              0x00,0x00,0x00,0x00,0x00,0x00,0
x00,0x00,0x00,0x00,0x00,0x00,0x00,0x00,0x00,0x00 
                                                            ;//0 '无显示'
   10 00000010 FF FF FF 
              FF FF FF 
              FF FF FF 
              FF FF FF 
              FF FF FF 
              FF               DCB              0xFF,0xFF,0xFF,0xFF,0xFF,0xFF,0
xFF,0xFF,0xFF,0xFF,0xFF,0xFF,0xFF,0xFF,0xFF,0xFF 
                                                            ;//1 '全显'
   11 00000020 00 FF FF 
              81 42 24 
              18 18 18 
              18 18 18 
              18 18 00 
              00               DCB              0x00,0xFF,0xFF,0x81,0x42,0x24,0
x18,0x18,0x18,0x18,0x18,0x18,0x18,0x18,0x00,0x00 
                                                            ;//2 '天线'
   12 00000030 00 00 00 
              00 00 00 
              00 00 00 
              00 00 06 
              06 06 00 
              00               DCB              0x00,0x00,0x00,0x00,0x00,0x00,0
x00,0x00,0x00,0x00,0x00,0x06,0x06,0x06,0x00,0x00 
                                                            ;//3 '信号强度1'
   13 00000040 00 00 00 
              00 00 00 
              00 00 60 
              60 60 66 
              66 66 00 
              00               DCB              0x00,0x00,0x00,0x00,0x00,0x00,0
x00,0x00,0x60,0x60,0x60,0x66,0x66,0x66,0x00,0x00 
                                                            ;//4 '信号强度2'
   14 00000050 00 00 00 
              00 00 06 
              06 06 06 
              06 06 06 
              06 06 00 
              00               DCB              0x00,0x00,0x00,0x00,0x00,0x06,0
x06,0x06,0x06,0x06,0x06,0x06,0x06,0x06,0x00,0x00 
                                                            ;//5 '信号强度3'



ARM Macro Assembler    Page 2 


   15 00000060 00 00 60 
              60 60 66 
              66 66 66 
              66 66 66 
              66 66 00 
              00               DCB              0x00,0x00,0x60,0x60,0x60,0x66,0
x66,0x66,0x66,0x66,0x66,0x66,0x66,0x66,0x00,0x00 
                                                            ;//6 '信号强度4'
   16 00000070 FE 02 C2 
              E2 32 1A 
              1A 1A 1A 
              32 E2 C2 
              02 FE 00 
              00               DCB              0xFE,0x02,0xC2,0xE2,0x32,0x1A,0
x1A,0x1A,0x1A,0x32,0xE2,0xC2,0x02,0xFE,0x00,0x00 
                                                            ;//7 'G'
   17 00000080 7F 40 47 
              4F 58 40 
              5F 5F 58 
              5C 5F 5B 
              40 7F 00 
              00               DCB              0x7F,0x40,0x47,0x4F,0x58,0x40,0
x5F,0x5F,0x58,0x5C,0x5F,0x5B,0x40,0x7F,0x00,0x00 
                                                            ;//8
   18 00000090 FE 02 C2 
              E2 32 1A 
              1A 1A 1A 
              32 E2 C2 
              02 FE 00 
              00               DCB              0xFE,0x02,0xC2,0xE2,0x32,0x1A,0
x1A,0x1A,0x1A,0x32,0xE2,0xC2,0x02,0xFE,0x00,0x00 
                                                            ;//9 'C'
   19 000000A0 7F 40 47 
              4F 58 40 
              40 40 40 
              58 4F 47 
              40 7F 00 
              00               DCB              0x7F,0x40,0x47,0x4F,0x58,0x40,0
x40,0x40,0x40,0x58,0x4F,0x47,0x40,0x7F,0x00,0x00 
                                                            ;//10
   20 000000B0 FE 02 7A 
              32 32 32 
              32 32 32 
              32 32 FA 
              02 FE 00 
              00               DCB              0xFE,0x02,0x7A,0x32,0x32,0x32,0
x32,0x32,0x32,0x32,0x32,0xFA,0x02,0xFE,0x00,0x00 
                                                            ;//11 'L'
   21 000000C0 7F 40 40 
              40 40 40 
              40 40 40 
              40 58 5F 
              40 7F 00 
              00               DCB              0x7F,0x40,0x40,0x40,0x40,0x40,0
x40,0x40,0x40,0x40,0x58,0x5F,0x40,0x7F,0x00,0x00 
                                                            ;//12
   22 000000D0 FE 02 E2 
              22 FA 4A 
              8A 8A 4A 



ARM Macro Assembler    Page 3 


              2A 1A FA 
              02 FE 00 
              00               DCB              0xFE,0x02,0xE2,0x22,0xFA,0x4A,0
x8A,0x8A,0x4A,0x2A,0x1A,0xFA,0x02,0xFE,0x00,0x00 
                                                            ;//13 '保电'
   23 000000E0 7F 40 47 
              44 5F 52 
              51 51 52 
              54 58 5F 
              40 7F 00 
              00               DCB              0x7F,0x40,0x47,0x44,0x5F,0x52,0
x51,0x51,0x52,0x54,0x58,0x5F,0x40,0x7F,0x00,0x00 
                                                            ;//14
   24 000000F0         ; DCB 0xFC,0xFC,0x80,0x80,0x80,0x80,0x80,0xF0,0xE0,0xC0,
                       0x86,0x06,0xFE,0xFE,0x00,0x00;//15 '升级'
   25 000000F0         ; DCB 0x3F,0x3F,0x01,0x01,0x01,0x01,0x01,0x0F,0x07,0x03,
                       0x61,0x60,0x7F,0x7F,0x00,0x00;//16
   26 000000F0 00 00 00 
              18 FE 02 
              02 02 C2 
              E2 F2 FA 
              FE FE 00 
              00               DCB              0x00,0x00,0x00,0x18,0xFE,0x02,0
x02,0x02,0xC2,0xE2,0xF2,0xFA,0xFE,0xFE,0x00,0x00 
                                                            ;//15 '文件夹图'
   27 00000100 00 00 00 
              00 07 04 
              04 04 FF 
              7F 3F 1F 
              0F 07 00 
              00               DCB              0x00,0x00,0x00,0x00,0x07,0x04,0
x04,0x04,0xFF,0x7F,0x3F,0x1F,0x0F,0x07,0x00,0x00 
                                                            ;//16
   28 00000110 00 C0 30 
              88 84 84 
              82 82 82 
              82 04 84 
              88 30 C0 
              00               DCB              0x00,0xC0,0x30,0x88,0x84,0x84,0
x82,0x82,0x82,0x82,0x04,0x84,0x88,0x30,0xC0,0x00 
                                                            ;//17 '报警'
   29 00000120 00 03 0C 
              11 21 21 
              41 41 41 
              41 20 21 
              11 0C 03 
              00               DCB              0x00,0x03,0x0C,0x11,0x21,0x21,0
x41,0x41,0x41,0x41,0x20,0x21,0x11,0x0C,0x03,0x00 
                                                            ;//18
   30 00000130 00 00 00 
              EF C6 C6 
              C6 C6 FE 
              C6 C6 C6 
              C6 EF 00 
              00               DCB              0x00,0x00,0x00,0xEF,0xC6,0xC6,0
xC6,0xC6,0xFE,0xC6,0xC6,0xC6,0xC6,0xEF,0x00,0x00 
                                                            ;//19 'H未变位'
   31 00000140 00 00 00 
              0F 06 06 



ARM Macro Assembler    Page 4 


              06 06 06 
              06 06 06 
              C6 FF 00 
              00               DCB              0x00,0x00,0x00,0x0F,0x06,0x06,0
x06,0x06,0x06,0x06,0x06,0x06,0xC6,0xFF,0x00,0x00 
                                                            ;//20 'L变位'
   32 00000150 00 00 FE 
              C2 22 92 
              8A 8A EA 
              0A 12 22 
              C2 FE 00 
              00               DCB              0x00,0x00,0xFE,0xC2,0x22,0x92,0
x8A,0x8A,0xEA,0x0A,0x12,0x22,0xC2,0xFE,0x00,0x00 
                                                            ;//21 '时钟电池欠压
                                                            '
   33 00000160 00 00 3F 
              21 22 24 
              E8 A8 A8 
              E8 24 22 
              21 3F 00 
              00               DCB              0x00,0x00,0x3F,0x21,0x22,0x24,0
xE8,0xA8,0xA8,0xE8,0x24,0x22,0x21,0x3F,0x00,0x00 
                                                            ;//22
   34 00000170 00 00 C0 
              C0 FF FF 
              00 00 1C 
              3E 63 63 
              63 3E 1C 
              00               DCB              0x00,0x00,0xC0,0xC0,0xFF,0xFF,0
x00,0x00,0x1C,0x3E,0x63,0x63,0x63,0x3E,0x1C,0x00 
                                                            ;//23 '编程按键'
   35 00000180 00 00 03 
              03 FF FF 
              00 00 38 
              7C C6 C6 
              C6 7C 38 
              00               DCB              0x00,0x00,0x03,0x03,0xFF,0xFF,0
x00,0x00,0x38,0x7C,0xC6,0xC6,0xC6,0x7C,0x38,0x00 
                                                            ;//24
   36 00000190 00 80 C0 
              60 30 18 
              FC FE F8 
              98 F8 F8 
              F8 F8 F8 
              00               DCB              0x00,0x80,0xC0,0x60,0x30,0x18,0
xFC,0xFE,0xF8,0x98,0xF8,0xF8,0xF8,0xF8,0xF8,0x00 
                                                            ;//25 '工厂模式'
   37 000001A0 00 01 03 
              06 0C 18 
              3F 7F 1F 
              19 1F 1F 
              1F 1F 1F 
              00               DCB              0x00,0x01,0x03,0x06,0x0C,0x18,0
x3F,0x7F,0x1F,0x19,0x1F,0x1F,0x1F,0x1F,0x1F,0x00 
                                                            ;//26
   38 000001B0 00 00 18 
              3C 5A 18 
              18 18 18 
              18 18 18 



ARM Macro Assembler    Page 5 


              5A 3C 18 
              00               DCB              0x00,0x00,0x18,0x3C,0x5A,0x18,0
x18,0x18,0x18,0x18,0x18,0x18,0x5A,0x3C,0x18,0x00 
                                                            ;//27 '上下箭头'
   39 000001C0 00 FC FE 
              16 16 16 
              16 F6 06 
              06 F6 F6 
              F6 FC F8 
              00               DCB              0x00,0xFC,0xFE,0x16,0x16,0x16,0
x16,0xF6,0x06,0x06,0xF6,0xF6,0xF6,0xFC,0xF8,0x00 
                                                            ;//28 '磁盘图'
   40 000001D0 00 3F 7F 
              68 68 68 
              68 6F 60 
              60 6F 69 
              69 79 3F 
              00               DCB              0x00,0x3F,0x7F,0x68,0x68,0x68,0
x68,0x6F,0x60,0x60,0x6F,0x69,0x69,0x79,0x3F,0x00 
                                                            ;//29
   41 000001E0 FE 02 FA 
              32 32 32 
              F2 32 32 
              32 32 FA 
              02 FE 00 
              00               DCB              0xFE,0x02,0xFA,0x32,0x32,0x32,0
xF2,0x32,0x32,0x32,0x32,0xFA,0x02,0xFE,0x00,0x00 
                                                            ;//30 '以太网通信 E
                                                            】'
   42 000001F0 7F 40 4F 
              58 42 42 
              43 42 42 
              40 58 4F 
              40 7F 00 
              00               DCB              0x7F,0x40,0x4F,0x58,0x42,0x42,0
x43,0x42,0x42,0x40,0x58,0x4F,0x40,0x7F,0x00,0x00 
                                                            ;//31
   43 00000200 00 00 00 
              00 10 08 
              04 FE FE 
              04 08 10 
              00 00 00 
              00               DCB              0x00,0x00,0x00,0x00,0x10,0x08,0
x04,0xFE,0xFE,0x04,0x08,0x10,0x00,0x00,0x00,0x00 
                                                            ;//32 '左右箭头'
   44 00000210 00 00 00 
              00 08 10 
              20 7F 7F 
              20 10 08 
              00 00 00 
              00               DCB              0x00,0x00,0x00,0x00,0x08,0x10,0
x20,0x7F,0x7F,0x20,0x10,0x08,0x00,0x00,0x00,0x00 
                                                            ;//33
   45 00000220 00 00 00 
              00 00 80 
              C0 60 31 
              1B 0E 04 
              00 00 00 
              00               DCB              0x00,0x00,0x00,0x00,0x00,0x80,0



ARM Macro Assembler    Page 6 


xC0,0x60,0x31,0x1B,0x0E,0x04,0x00,0x00,0x00,0x00 
                                                            ;//34 '√'
   46 00000230         
   47 00000230 00 00 1C 
              08 08 08 
              08 08 08 
              08 08 1C 
              00 00 00 
              00               DCB              0x00,0x00,0x1C,0x08,0x08,0x08,0
x08,0x08,0x08,0x08,0x08,0x1C,0x00,0x00,0x00,0x00 
                                                            ;//35 'Ⅰ’
   48 00000240 00 00 3E 
              14 14 14 
              14 14 14 
              14 14 3E 
              00 00 00 
              00               DCB              0x00,0x00,0x3E,0x14,0x14,0x14,0
x14,0x14,0x14,0x14,0x14,0x3E,0x00,0x00,0x00,0x00 
                                                            ;//36 'Ⅱ’
   49 00000250 00 00 7F 
              2A 2A 2A 
              2A 2A 2A 
              2A 2A 7F 
              00 00 00 
              00               DCB              0x00,0x00,0x7F,0x2A,0x2A,0x2A,0
x2A,0x2A,0x2A,0x2A,0x2A,0x7F,0x00,0x00,0x00,0x00 
                                                            ;//37 'Ⅲ’
   50 00000260         
   51 00000260 00 00 FE 
              02 06 06 
              06 06 06 
              06 06 06 
              02 FE 00 
              00               DCB              0x00,0x00,0xFE,0x02,0x06,0x06,0
x06,0x06,0x06,0x06,0x06,0x06,0x02,0xFE,0x00,0x00 
                                                            ;//38'电池0格图'
   52 00000270 00 00 3F 
              20 20 20 
              E0 A0 A0 
              E0 20 20 
              20 3F 00 
              00               DCB              0x00,0x00,0x3F,0x20,0x20,0x20,0
xE0,0xA0,0xA0,0xE0,0x20,0x20,0x20,0x3F,0x00,0x00 
                                                            ;//39
   53 00000280 00 00 FE 
              02 36 36 
              36 36 36 
              36 36 36 
              02 FE 00 
              00               DCB              0x00,0x00,0xFE,0x02,0x36,0x36,0
x36,0x36,0x36,0x36,0x36,0x36,0x02,0xFE,0x00,0x00 
                                                            ;//40'电池1格图'
   54 00000290 00 00 3F 
              20 20 20 
              E0 A0 A0 
              E0 20 20 
              20 3F 00 
              00               DCB              0x00,0x00,0x3F,0x20,0x20,0x20,0
xE0,0xA0,0xA0,0xE0,0x20,0x20,0x20,0x3F,0x00,0x00 



ARM Macro Assembler    Page 7 


                                                            ;//41
   55 000002A0 00 00 FE 
              02 B6 B6 
              B6 B6 B6 
              B6 B6 B6 
              02 FE 00 
              00               DCB              0x00,0x00,0xFE,0x02,0xB6,0xB6,0
xB6,0xB6,0xB6,0xB6,0xB6,0xB6,0x02,0xFE,0x00,0x00 
                                                            ;//42'电池2格图'
   56 000002B0 00 00 3F 
              20 21 21 
              E1 A1 A1 
              E1 21 21 
              20 3F 00 
              00               DCB              0x00,0x00,0x3F,0x20,0x21,0x21,0
xE1,0xA1,0xA1,0xE1,0x21,0x21,0x20,0x3F,0x00,0x00 
                                                            ;//43
   57 000002C0 00 00 FE 
              02 B6 B6 
              B6 B6 B6 
              B6 B6 B6 
              02 FE 00 
              00               DCB              0x00,0x00,0xFE,0x02,0xB6,0xB6,0
xB6,0xB6,0xB6,0xB6,0xB6,0xB6,0x02,0xFE,0x00,0x00 
                                                            ;//44'电池3格图'
   58 000002D0 00 00 3F 
              20 2D 2D 
              ED AD AD 
              ED 2D 2D 
              20 3F 00 
              00               DCB              0x00,0x00,0x3F,0x20,0x2D,0x2D,0
xED,0xAD,0xAD,0xED,0x2D,0x2D,0x20,0x3F,0x00,0x00 
                                                            ;//45
   59 000002E0         
   60 000002E0 00 E0 20 
              20 20 20 
              20 20 20 
              20 20 20 
              20 20 E0 
              00               DCB              0x00,0xE0,0x20,0x20,0x20,0x20,0
x20,0x20,0x20,0x20,0x20,0x20,0x20,0x20,0xE0,0x00 
                                                            ;//46'进度左框0'
   61 000002F0 00 E0 60 
              60 60 60 
              60 60 60 
              60 60 60 
              60 60 E0 
              00               DCB              0x00,0xE0,0x60,0x60,0x60,0x60,0
x60,0x60,0x60,0x60,0x60,0x60,0x60,0x60,0xE0,0x00 
                                                            ;//47'进度左框1'
   62 00000300 00 E0 E0 
              E0 E0 E0 
              E0 E0 E0 
              E0 E0 E0 
              E0 E0 E0 
              00               DCB              0x00,0xE0,0xE0,0xE0,0xE0,0xE0,0
xE0,0xE0,0xE0,0xE0,0xE0,0xE0,0xE0,0xE0,0xE0,0x00 
                                                            ;//48'进度左框2'
   63 00000310 00 FF 00 



ARM Macro Assembler    Page 8 


              00 00 00 
              00 00 00 
              00 00 00 
              00 00 FF 
              00               DCB              0x00,0xFF,0x00,0x00,0x00,0x00,0
x00,0x00,0x00,0x00,0x00,0x00,0x00,0x00,0xFF,0x00 
                                                            ;//49'进度中框0'
   64 00000320 00 FF 01 
              01 01 01 
              01 01 01 
              01 01 01 
              01 01 FF 
              00               DCB              0x00,0xFF,0x01,0x01,0x01,0x01,0
x01,0x01,0x01,0x01,0x01,0x01,0x01,0x01,0xFF,0x00 
                                                            ;//50'进度中框1'
   65 00000330 00 FF 03 
              03 03 03 
              03 03 03 
              03 03 03 
              03 03 FF 
              00               DCB              0x00,0xFF,0x03,0x03,0x03,0x03,0
x03,0x03,0x03,0x03,0x03,0x03,0x03,0x03,0xFF,0x00 
                                                            ;//51'进度中框2'
   66 00000340 00 FF 07 
              07 07 07 
              07 07 07 
              07 07 07 
              07 07 FF 
              00               DCB              0x00,0xFF,0x07,0x07,0x07,0x07,0
x07,0x07,0x07,0x07,0x07,0x07,0x07,0x07,0xFF,0x00 
                                                            ;//52'进度中框3'
   67 00000350 00 FF 0F 
              0F 0F 0F 
              0F 0F 0F 
              0F 0F 0F 
              0F 0F FF 
              00               DCB              0x00,0xFF,0x0F,0x0F,0x0F,0x0F,0
x0F,0x0F,0x0F,0x0F,0x0F,0x0F,0x0F,0x0F,0xFF,0x00 
                                                            ;//53'进度中框4'
   68 00000360 00 FF 1F 
              1F 1F 1F 
              1F 1F 1F 
              1F 1F 1F 
              1F 1F FF 
              00               DCB              0x00,0xFF,0x1F,0x1F,0x1F,0x1F,0
x1F,0x1F,0x1F,0x1F,0x1F,0x1F,0x1F,0x1F,0xFF,0x00 
                                                            ;//54'进度中框5'
   69 00000370 00 FF 3F 
              3F 3F 3F 
              3F 3F 3F 
              3F 3F 3F 
              3F 3F FF 
              00               DCB              0x00,0xFF,0x3F,0x3F,0x3F,0x3F,0
x3F,0x3F,0x3F,0x3F,0x3F,0x3F,0x3F,0x3F,0xFF,0x00 
                                                            ;//55'进度中框6'
   70 00000380 00 FF 7F 
              7F 7F 7F 
              7F 7F 7F 
              7F 7F 7F 



ARM Macro Assembler    Page 9 


              7F 7F FF 
              00               DCB              0x00,0xFF,0x7F,0x7F,0x7F,0x7F,0
x7F,0x7F,0x7F,0x7F,0x7F,0x7F,0x7F,0x7F,0xFF,0x00 
                                                            ;//56'进度中框7'
   71 00000390 00 FF FF 
              FF FF FF 
              FF FF FF 
              FF FF FF 
              FF FF FF 
              00               DCB              0x00,0xFF,0xFF,0xFF,0xFF,0xFF,0
xFF,0xFF,0xFF,0xFF,0xFF,0xFF,0xFF,0xFF,0xFF,0x00 
                                                            ;//57'进度中框8'
   72 000003A0 00 07 04 
              04 04 04 
              04 04 04 
              04 04 04 
              04 04 07 
              00               DCB              0x00,0x07,0x04,0x04,0x04,0x04,0
x04,0x04,0x04,0x04,0x04,0x04,0x04,0x04,0x07,0x00 
                                                            ;//58'进度右框0'
   73 000003B0 00 07 05 
              05 05 05 
              05 05 05 
              05 05 05 
              05 05 07 
              00               DCB              0x00,0x07,0x05,0x05,0x05,0x05,0
x05,0x05,0x05,0x05,0x05,0x05,0x05,0x05,0x07,0x00 
                                                            ;//59'进度右框1'
   74 000003C0 00 07 07 
              07 07 07 
              07 07 07 
              07 07 07 
              07 07 07 
              00               DCB              0x00,0x07,0x07,0x07,0x07,0x07,0
x07,0x07,0x07,0x07,0x07,0x07,0x07,0x07,0x07,0x00 
                                                            ;//60'进度右框2'
   75 000003D0         
   76 000003D0 00 00 00 
              78 40 40 
              40 40 44 
              46 7F 06 
              04 00 00 
              00               DCB              0x00,0x00,0x00,0x78,0x40,0x40,0
x40,0x40,0x44,0x46,0x7F,0x06,0x04,0x00,0x00,0x00 
                                                            ;//61'回车'
   77 000003E0 00 00 00 
              04 06 7F 
              46 44 40 
              40 40 40 
              78 00 00 
              00               DCB              0x00,0x00,0x00,0x04,0x06,0x7F,0
x46,0x44,0x40,0x40,0x40,0x40,0x78,0x00,0x00,0x00 
                                                            ;//62'退出'
   78 000003F0         
   79 000003F0 FE 02 FA 
              FA 82 82 
              82 82 82 
              82 82 82 
              02 FE 00 



ARM Macro Assembler    Page 10 


              00               DCB              0xFE,0x02,0xFA,0xFA,0x82,0x82,0
x82,0x82,0x82,0x82,0x82,0x82,0x02,0xFE,0x00,0x00 
                                                            ;//63'有框T'
   80 00000400 7F 40 5F 
              5F 41 41 
              41 41 41 
              41 41 41 
              40 7F 00 
              00               DCB              0x7F,0x40,0x5F,0x5F,0x41,0x41,0
x41,0x41,0x41,0x41,0x41,0x41,0x40,0x7F,0x00,0x00 
                                                            ;//64
   81 00000410         
   82 00000410 FF 01 7D 
              C7 C1 61 
              31 19 0D 
              07 C7 FF 
              01 FF 00 
              00               DCB              0xFF,0x01,0x7D,0xC7,0xC1,0x61,0
x31,0x19,0x0D,0x07,0xC7,0xFF,0x01,0xFF,0x00,0x00 
                                                            ;//65 '有框2G'
   83 00000420 FF 80 BC 
              E6 C3 83 
              83 FB E3 
              E3 E6 DC 
              80 FF 00 
              00               DCB              0xFF,0x80,0xBC,0xE6,0xC3,0x83,0
x83,0xFB,0xE3,0xE3,0xE6,0xDC,0x80,0xFF,0x00,0x00 
                                                            ;//66
   84 00000430 FF 01 7D 
              C7 C1 C1 
              79 C1 C1 
              C1 C7 7D 
              01 FF 00 
              00               DCB              0xFF,0x01,0x7D,0xC7,0xC1,0xC1,0
x79,0xC1,0xC1,0xC1,0xC7,0x7D,0x01,0xFF,0x00,0x00 
                                                            ;//67 '有框3G'
   85 00000440 FF 80 BC 
              E6 C3 83 
              83 FB E3 
              E3 E6 DC 
              80 FF 00 
              00               DCB              0xFF,0x80,0xBC,0xE6,0xC3,0x83,0
x83,0xFB,0xE3,0xE3,0xE6,0xDC,0x80,0xFF,0x00,0x00 
                                                            ;//68
   86 00000450 FF 01 61 
              71 79 6D 
              67 63 FF 
              61 61 61 
              01 FF 00 
              00               DCB              0xFF,0x01,0x61,0x71,0x79,0x6D,0
x67,0x63,0xFF,0x61,0x61,0x61,0x01,0xFF,0x00,0x00 
                                                            ;//69 '有框4G'
   87 00000460 FF 80 BC 
              E6 C3 83 
              83 FB E3 
              E3 E6 DC 
              80 FF 00 
              00               DCB              0xFF,0x80,0xBC,0xE6,0xC3,0x83,0
x83,0xFB,0xE3,0xE3,0xE6,0xDC,0x80,0xFF,0x00,0x00 



ARM Macro Assembler    Page 11 


                                                            ;//70
   88 00000470         
   89 00000470 00 E7 42 
              42 42 42 
              42 3C 00 
              1C 22 38 
              24 24 58 
              00               DCB              0x00,0xE7,0x42,0x42,0x42,0x42,0
x42,0x3C,0x00,0x1C,0x22,0x38,0x24,0x24,0x58,0x00 
                                                            ;//71 Uabc
   90 00000480 00 0E 04 
              04 1C 24 
              24 18 00 
              18 24 04 
              04 24 18 
              00               DCB              0x00,0x0E,0x04,0x04,0x1C,0x24,0
x24,0x18,0x00,0x18,0x24,0x04,0x04,0x24,0x18,0x00 
                                                            ;//72 
   91 00000490 00 E7 42 
              42 42 42 
              42 3C 00 
              1C 22 38 
              24 24 58 
              00               DCB              0x00,0xE7,0x42,0x42,0x42,0x42,0
x42,0x3C,0x00,0x1C,0x22,0x38,0x24,0x24,0x58,0x00 
                                                            ;//73 Uab
   92 000004A0 00 0E 04 
              04 1C 24 
              24 18 00 
              00 00 00 
              00 00 00 
              00               DCB              0x00,0x0E,0x04,0x04,0x1C,0x24,0
x24,0x18,0x00,0x00,0x00,0x00,0x00,0x00,0x00,0x00 
                                                            ;//74 
   93 000004B0 00 E7 42 
              42 42 42 
              42 3C 00 
              1C 22 38 
              24 24 58 
              00               DCB              0x00,0xE7,0x42,0x42,0x42,0x42,0
x42,0x3C,0x00,0x1C,0x22,0x38,0x24,0x24,0x58,0x00 
                                                            ;//75 Uac
   94 000004C0 00 00 00 
              00 00 00 
              00 00 00 
              18 24 04 
              04 24 18 
              00               DCB              0x00,0x00,0x00,0x00,0x00,0x00,0
x00,0x00,0x00,0x18,0x24,0x04,0x04,0x24,0x18,0x00 
                                                            ;//76 
   95 000004D0 00 E7 42 
              42 42 42 
              42 3C 00 
              00 00 00 
              00 00 00 
              00               DCB              0x00,0xE7,0x42,0x42,0x42,0x42,0
x42,0x3C,0x00,0x00,0x00,0x00,0x00,0x00,0x00,0x00 
                                                            ;//77 Ubc
   96 000004E0 00 0E 04 



ARM Macro Assembler    Page 12 


              04 1C 24 
              24 18 00 
              18 24 04 
              04 24 18 
              00               DCB              0x00,0x0E,0x04,0x04,0x1C,0x24,0
x24,0x18,0x00,0x18,0x24,0x04,0x04,0x24,0x18,0x00 
                                                            ;//78 
   97 000004F0 00 E7 42 
              42 42 42 
              42 3C 00 
              1C 22 38 
              24 24 58 
              00               DCB              0x00,0xE7,0x42,0x42,0x42,0x42,0
x42,0x3C,0x00,0x1C,0x22,0x38,0x24,0x24,0x58,0x00 
                                                            ;//79 Ua
   98 00000500 00 00 00 
              00 00 00 
              00 00 00 
              00 00 00 
              00 00 00 
              00               DCB              0x00,0x00,0x00,0x00,0x00,0x00,0
x00,0x00,0x00,0x00,0x00,0x00,0x00,0x00,0x00,0x00 
                                                            ;//80 
   99 00000510 00 E7 42 
              42 42 42 
              42 3C 00 
              00 00 00 
              00 00 00 
              00               DCB              0x00,0xE7,0x42,0x42,0x42,0x42,0
x42,0x3C,0x00,0x00,0x00,0x00,0x00,0x00,0x00,0x00 
                                                            ;//81 Ub
  100 00000520 00 0E 04 
              04 1C 24 
              24 18 00 
              00 00 00 
              00 00 00 
              00               DCB              0x00,0x0E,0x04,0x04,0x1C,0x24,0
x24,0x18,0x00,0x00,0x00,0x00,0x00,0x00,0x00,0x00 
                                                            ;//82 
  101 00000530 00 E7 42 
              42 42 42 
              42 3C 00 
              00 00 00 
              00 00 00 
              00               DCB              0x00,0xE7,0x42,0x42,0x42,0x42,0
x42,0x3C,0x00,0x00,0x00,0x00,0x00,0x00,0x00,0x00 
                                                            ;//83 Uc
  102 00000540 00 00 00 
              00 00 00 
              00 00 00 
              18 24 04 
              04 24 18 
              00               DCB              0x00,0x00,0x00,0x00,0x00,0x00,0
x00,0x00,0x00,0x18,0x24,0x04,0x04,0x24,0x18,0x00 
                                                            ;//84 
  103 00000550 00 E7 42 
              42 42 42 
              42 3C 00 
              00 00 00 



ARM Macro Assembler    Page 13 


              00 00 00 
              00               DCB              0x00,0xE7,0x42,0x42,0x42,0x42,0
x42,0x3C,0x00,0x00,0x00,0x00,0x00,0x00,0x00,0x00 
                                                            ;//85 U
  104 00000560 00 00 00 
              00 00 00 
              00 00 00 
              00 00 00 
              00 00 00 
              00               DCB              0x00,0x00,0x00,0x00,0x00,0x00,0
x00,0x00,0x00,0x00,0x00,0x00,0x00,0x00,0x00,0x00 
                                                            ;//86 
  105 00000570 00 7C 10 
              10 10 10 
              10 7C 00 
              1C 22 38 
              24 24 58 
              00               DCB              0x00,0x7C,0x10,0x10,0x10,0x10,0
x10,0x7C,0x00,0x1C,0x22,0x38,0x24,0x24,0x58,0x00 
                                                            ;//87 Iabc
  106 00000580 00 0E 04 
              04 1C 24 
              24 18 00 
              18 24 04 
              04 24 18 
              00               DCB              0x00,0x0E,0x04,0x04,0x1C,0x24,0
x24,0x18,0x00,0x18,0x24,0x04,0x04,0x24,0x18,0x00 
                                                            ;//88 
  107 00000590 00 7C 10 
              10 10 10 
              10 7C 00 
              1C 22 38 
              24 24 58 
              00               DCB              0x00,0x7C,0x10,0x10,0x10,0x10,0
x10,0x7C,0x00,0x1C,0x22,0x38,0x24,0x24,0x58,0x00 
                                                            ;//89 Iac
  108 000005A0 00 00 00 
              00 00 00 
              00 00 00 
              18 24 04 
              04 24 18 
              00               DCB              0x00,0x00,0x00,0x00,0x00,0x00,0
x00,0x00,0x00,0x18,0x24,0x04,0x04,0x24,0x18,0x00 
                                                            ;//90 
  109 000005B0 00 7C 10 
              10 10 10 
              10 7C 00 
              1C 22 38 
              24 24 58 
              00               DCB              0x00,0x7C,0x10,0x10,0x10,0x10,0
x10,0x7C,0x00,0x1C,0x22,0x38,0x24,0x24,0x58,0x00 
                                                            ;//91 Iab
  110 000005C0 00 0E 04 
              04 1C 24 
              24 18 00 
              00 00 00 
              00 00 00 
              00               DCB              0x00,0x0E,0x04,0x04,0x1C,0x24,0
x24,0x18,0x00,0x00,0x00,0x00,0x00,0x00,0x00,0x00 



ARM Macro Assembler    Page 14 


                                                            ;//92 
  111 000005D0 00 7C 10 
              10 10 10 
              10 7C 00 
              00 00 00 
              00 00 00 
              00               DCB              0x00,0x7C,0x10,0x10,0x10,0x10,0
x10,0x7C,0x00,0x00,0x00,0x00,0x00,0x00,0x00,0x00 
                                                            ;//93 Ibc
  112 000005E0 00 0E 04 
              04 1C 24 
              24 18 00 
              18 24 04 
              04 24 18 
              00               DCB              0x00,0x0E,0x04,0x04,0x1C,0x24,0
x24,0x18,0x00,0x18,0x24,0x04,0x04,0x24,0x18,0x00 
                                                            ;//94 
  113 000005F0 00 7C 10 
              10 10 10 
              10 7C 00 
              1C 22 38 
              24 24 58 
              00               DCB              0x00,0x7C,0x10,0x10,0x10,0x10,0
x10,0x7C,0x00,0x1C,0x22,0x38,0x24,0x24,0x58,0x00 
                                                            ;//95 Ia
  114 00000600 00 00 00 
              00 00 00 
              00 00 00 
              00 00 00 
              00 00 00 
              00               DCB              0x00,0x00,0x00,0x00,0x00,0x00,0
x00,0x00,0x00,0x00,0x00,0x00,0x00,0x00,0x00,0x00 
                                                            ;//96 
  115 00000610 00 7C 10 
              10 10 10 
              10 7C 00 
              00 00 00 
              00 00 00 
              00               DCB              0x00,0x7C,0x10,0x10,0x10,0x10,0
x10,0x7C,0x00,0x00,0x00,0x00,0x00,0x00,0x00,0x00 
                                                            ;//97 Ib
  116 00000620 00 0E 04 
              04 1C 24 
              24 18 00 
              00 00 00 
              00 00 00 
              00               DCB              0x00,0x0E,0x04,0x04,0x1C,0x24,0
x24,0x18,0x00,0x00,0x00,0x00,0x00,0x00,0x00,0x00 
                                                            ;//98 
  117 00000630 00 7C 10 
              10 10 10 
              10 7C 00 
              00 00 00 
              00 00 00 
              00               DCB              0x00,0x7C,0x10,0x10,0x10,0x10,0
x10,0x7C,0x00,0x00,0x00,0x00,0x00,0x00,0x00,0x00 
                                                            ;//99 Ic
  118 00000640 00 00 00 
              00 00 00 



ARM Macro Assembler    Page 15 


              00 00 00 
              18 24 04 
              04 24 18 
              00               DCB              0x00,0x00,0x00,0x00,0x00,0x00,0
x00,0x00,0x00,0x18,0x24,0x04,0x04,0x24,0x18,0x00 
                                                            ;//100 
  119 00000650 00 7C 10 
              10 10 10 
              10 7C 00 
              00 00 00 
              00 00 00 
              00               DCB              0x00,0x7C,0x10,0x10,0x10,0x10,0
x10,0x7C,0x00,0x00,0x00,0x00,0x00,0x00,0x00,0x00 
                                                            ;//101 I
  120 00000660 00 00 00 
              00 00 00 
              00 00 00 
              00 00 00 
              00 00 00 
              00               DCB              0x00,0x00,0x00,0x00,0x00,0x00,0
x00,0x00,0x00,0x00,0x00,0x00,0x00,0x00,0x00,0x00 
                                                            ;//102
  121 00000670         
  122 00000670 80 40 20 
              10 08 04 
              FE 08 08 
              08 08 08 
              08 08 F8 
              00               DCB              0x80,0x40,0x20,0x10,0x08,0x04,0
xFE,0x08,0x08,0x08,0x08,0x08,0x08,0x08,0xF8,0x00 
                                                            ;//103 '公钥'
  123 00000680 01 02 04 
              08 10 20 
              7F 10 10 
              10 10 10 
              10 10 1F 
              00               DCB              0x01,0x02,0x04,0x08,0x10,0x20,0
x7F,0x10,0x10,0x10,0x10,0x10,0x10,0x10,0x1F,0x00 
                                                            ;//104
  124 00000690         
  125 00000690         
  126 00000690                 end
Command Line: --debug --xref --diag_suppress=9931 --cpu=Cortex-M4 --apcs=interw
ork --depend=d:\obj\smwin_selffont.d -od:\obj\smwin_selffont.o -IE:\KEIL\STM32F
4xx\MS\RTE\_CSG -IC:\Keil_v5\ARM\PACK\ARM\CMSIS\5.6.0\CMSIS\Core\Include -IC:\K
eil_v5\ARM\PACK\Keil\STM32F4xx_DFP\2.9.0\Drivers\CMSIS\Device\ST\STM32F4xx\Incl
ude --predefine="__UVISION_VERSION SETA 522" --predefine="_RTE_ SETA 1" --prede
fine="STM32F469xx SETA 1" --predefine="MainProtocol SETA 645" --list=.\listings
\smwin_selffont.lst ..\Font\smWin_SelfFont.s



ARM Macro Assembler    Page 1 Alphabetic symbol ordering
Relocatable symbols

ADDR_SelfFontLib 00000000

Symbol: ADDR_SelfFontLib
   Definitions
      At line 8 in file ..\Font\smWin_SelfFont.s
   Uses
      At line 3 in file ..\Font\smWin_SelfFont.s
Comment: ADDR_SelfFontLib used once
FONTLIB 00000000

Symbol: FONTLIB
   Definitions
      At line 5 in file ..\Font\smWin_SelfFont.s
   Uses
      None
Comment: FONTLIB unused
2 symbols
336 symbols in table
